
> seguimiento-envios@0.0.0 start
> ng serve --host 127.0.0.1 --port 4200

[33m>[39m Building...
[32m√[39m Building...
[1mInitial chunk files[22m[2m | [22m[1mNames[22m          [2m | [22m[1mRaw size[22m
[32mmain.js[39m            [2m | [22m[2mmain[22m           [2m | [22m[36m24.42 kB[39m[2m | [22m
[32mstyles.css[39m         [2m | [22m[2mstyles[22m         [2m | [22m[36m10.10 kB[39m[2m | [22m
[32mchunk-OWG6WIJE.js[39m  [2m | [22m[2m-[22m              [2m | [22m [36m2.66 kB[39m[2m | [22m
[32mchunk-RJA5EYXS.js[39m  [2m | [22m[2m-[22m              [2m | [22m [36m1.13 kB[39m[2m | [22m
[32mpolyfills.js[39m       [2m | [22m[2mpolyfills[22m      [2m | [22m[36m95 bytes[39m[2m | [22m

[1m [22m                  [2m | [22m[1mInitial total[22m  [2m | [22m[1m38.39 kB[22m

[1mLazy chunk files[22m   [2m | [22m[1mNames[22m          [2m | [22m[1mRaw size[22m
[32mchunk-W73TAEUB.js[39m  [2m | [22m[2mshipment-list[22m  [2m | [22m[36m17.66 kB[39m[2m | [22m
[32mchunk-L523BIN3.js[39m  [2m | [22m[2mlogin[22m          [2m | [22m[36m14.00 kB[39m[2m | [22m
[32mchunk-UQAZEZWC.js[39m  [2m | [22m[2mregister[22m       [2m | [22m[36m11.69 kB[39m[2m | [22m
[32mchunk-CPJFWDPA.js[39m  [2m | [22m[2mshipment-detail[22m[2m | [22m [36m7.39 kB[39m[2m | [22m
[32mchunk-YKTNZ4IN.js[39m  [2m | [22m[2m-[22m              [2m | [22m [36m6.24 kB[39m[2m | [22m
[32mchunk-G6ZVBFDK.js[39m  [2m | [22m[2mdashboard[22m      [2m | [22m [36m3.39 kB[39m[2m | [22m
[32mchunk-X34OH4I3.js[39m  [2m | [22m[2mnotifications[22m  [2m | [22m [36m3.10 kB[39m[2m | [22m
[32mchunk-NODTTRCO.js[39m  [2m | [22m[2mreports[22m        [2m | [22m [36m2.97 kB[39m[2m | [22m
[32mchunk-T5BAV6EK.js[39m  [2m | [22m[2msettings[22m       [2m | [22m [36m2.94 kB[39m[2m | [22m
[32mchunk-CMSID7MM.js[39m  [2m | [22m[2mhistory[22m        [2m | [22m [36m2.93 kB[39m[2m | [22m

Application bundle generation complete. [6.487 seconds] - 2026-07-16T00:59:17.087Z

Watch mode enabled. Watching for file changes...
NOTE: Raw file sizes do not reflect development server per-request transformations.
[2m7:59:17 p. m.[22m [36m[1m[vite][22m[39m [90m[2m(client)[22m[39m Re-optimizing dependencies because lockfile has changed
[2m7:59:17 p. m.[22m [36m[1m[vite][22m[39m [34m[2m(ssr)[22m[39m Re-optimizing dependencies because lockfile has changed
  [32m➜[39m  [1mLocal[22m:   [36mhttp://127.0.0.1:[1m4200[22m/[39m
[33m>[39m Changes detected. Rebuilding...
[32m√[39m Changes detected. Rebuilding...
[1mInitial chunk files[22m[2m | [22m[1mNames[22m[2m | [22m[1mRaw size[22m
[32mmain.js[39m            [2m | [22m[2mmain[22m [2m | [22m[36m24.40 kB[39m[2m | [22m

Application bundle generation complete. [12.420 seconds] - 2026-07-16T01:38:00.846Z

Page reload sent to client(s).
